{"/Users/vasildakov/Dev/node/node-docker/src/app.ts": {"path":"/Users/vasildakov/Dev/node/node-docker/src/app.ts","statementMap":{"0":{"start":{"line":1,"column":0},"end":{"line":1,"column":62}},"1":{"start":{"line":2,"column":0},"end":{"line":2,"column":28}},"2":{"start":{"line":4,"column":0},"end":{"line":4,"column":39}},"3":{"start":{"line":6,"column":0},"end":{"line":6,"column":61}},"4":{"start":{"line":8,"column":0},"end":{"line":8,"column":16}},"5":{"start":{"line":10,"column":21},"end":{"line":10,"column":30}},"6":{"start":{"line":12,"column":0},"end":{"line":12,"column":20}},"7":{"start":{"line":13,"column":0},"end":{"line":13,"column":47}},"8":{"start":{"line":15,"column":0},"end":{"line":15,"column":19}}},"fnMap":{},"branchMap":{},"s":{"0":1,"1":1,"2":1,"3":1,"4":1,"5":1,"6":1,"7":1,"8":1},"f":{},"b":{}}
,"/Users/vasildakov/Dev/node/node-docker/src/index.ts": {"path":"/Users/vasildakov/Dev/node/node-docker/src/index.ts","statementMap":{"0":{"start":{"line":1,"column":0},"end":{"line":1,"column":23}},"1":{"start":{"line":3,"column":13},"end":{"line":3,"column":29}},"2":{"start":{"line":4,"column":13},"end":{"line":4,"column":29}},"3":{"start":{"line":6,"column":0},"end":{"line":8,"column":3}},"4":{"start":{"line":7,"column":4},"end":{"line":7,"column":68}}},"fnMap":{"0":{"name":"(anonymous_1)","decl":{"start":{"line":6,"column":17},"end":{"line":6,"column":20}},"loc":{"start":{"line":6,"column":22},"end":{"line":8,"column":1}}}},"branchMap":{},"s":{"0":0,"1":0,"2":0,"3":0,"4":0},"f":{"0":0},"b":{}}
,"/Users/vasildakov/Dev/node/node-docker/src/routes.ts": {"path":"/Users/vasildakov/Dev/node/node-docker/src/routes.ts","statementMap":{"0":{"start":{"line":4,"column":0},"end":{"line":4,"column":56}},"1":{"start":{"line":6,"column":19},"end":{"line":6,"column":41}},"2":{"start":{"line":9,"column":4},"end":{"line":9,"column":61}},"3":{"start":{"line":32,"column":9},"end":{"line":32,"column":14}},"4":{"start":{"line":13,"column":4},"end":{"line":29,"column":null}},"5":{"start":{"line":14,"column":8},"end":{"line":14,"column":63}},"6":{"start":{"line":15,"column":8},"end":{"line":15,"column":29}},"7":{"start":{"line":18,"column":25},"end":{"line":18,"column":50}},"8":{"start":{"line":20,"column":8},"end":{"line":25,"column":null}},"9":{"start":{"line":21,"column":12},"end":{"line":21,"column":72}},"10":{"start":{"line":24,"column":12},"end":{"line":24,"column":73}},"11":{"start":{"line":28,"column":8},"end":{"line":28,"column":72}},"12":{"start":{"line":32,"column":16},"end":{"line":32,"column":22}}},"fnMap":{"0":{"name":"index","decl":{"start":{"line":8,"column":9},"end":{"line":8,"column":14}},"loc":{"start":{"line":8,"column":51},"end":{"line":10,"column":1}}},"1":{"name":"person","decl":{"start":{"line":12,"column":9},"end":{"line":12,"column":15}},"loc":{"start":{"line":12,"column":52},"end":{"line":30,"column":1}}}},"branchMap":{"0":{"loc":{"start":{"line":20,"column":8},"end":{"line":25,"column":null}},"type":"if","locations":[{"start":{"line":20,"column":8},"end":{"line":25,"column":null}},{"start":{"line":23,"column":15},"end":{"line":25,"column":null}}]}},"s":{"0":1,"1":1,"2":1,"3":1,"4":0,"5":0,"6":0,"7":0,"8":0,"9":0,"10":0,"11":0,"12":1},"f":{"0":1,"1":0},"b":{"0":[0,0]}}
,"/Users/vasildakov/Dev/node/node-docker/src/controller/AuthorController.ts": {"path":"/Users/vasildakov/Dev/node/node-docker/src/controller/AuthorController.ts","statementMap":{"0":{"start":{"line":2,"column":0},"end":{"line":2,"column":57}},"1":{"start":{"line":4,"column":19},"end":{"line":4,"column":41}},"2":{"start":{"line":9,"column":8},"end":{"line":34,"column":null}},"3":{"start":{"line":10,"column":12},"end":{"line":10,"column":67}},"4":{"start":{"line":11,"column":12},"end":{"line":11,"column":33}},"5":{"start":{"line":14,"column":29},"end":{"line":14,"column":54}},"6":{"start":{"line":16,"column":12},"end":{"line":27,"column":null}},"7":{"start":{"line":17,"column":16},"end":{"line":20,"column":19}},"8":{"start":{"line":23,"column":16},"end":{"line":26,"column":19}},"9":{"start":{"line":30,"column":12},"end":{"line":33,"column":15}},"10":{"start":{"line":38,"column":0},"end":{"line":38,"column":32}}},"fnMap":{"0":{"name":"(anonymous_1)","decl":{"start":{"line":8,"column":4},"end":{"line":8,"column":10}},"loc":{"start":{"line":8,"column":57},"end":{"line":35,"column":5}}}},"branchMap":{"0":{"loc":{"start":{"line":16,"column":12},"end":{"line":27,"column":null}},"type":"if","locations":[{"start":{"line":16,"column":12},"end":{"line":27,"column":null}},{"start":{"line":22,"column":19},"end":{"line":27,"column":null}}]}},"s":{"0":1,"1":1,"2":2,"3":2,"4":2,"5":2,"6":2,"7":1,"8":1,"9":0,"10":1},"f":{"0":2},"b":{"0":[1,1]}}
,"/Users/vasildakov/Dev/node/node-docker/src/model/Author.ts": {"path":"/Users/vasildakov/Dev/node/node-docker/src/model/Author.ts","statementMap":{"0":{"start":{"line":27,"column":8},"end":{"line":27,"column":21}},"1":{"start":{"line":28,"column":8},"end":{"line":28,"column":35}},"2":{"start":{"line":29,"column":8},"end":{"line":29,"column":33}},"3":{"start":{"line":30,"column":8},"end":{"line":30,"column":33}},"4":{"start":{"line":34,"column":8},"end":{"line":34,"column":23}},"5":{"start":{"line":38,"column":8},"end":{"line":38,"column":52}},"6":{"start":{"line":42,"column":8},"end":{"line":42,"column":29}},"7":{"start":{"line":46,"column":10},"end":{"line":46,"column":16}}},"fnMap":{"0":{"name":"(anonymous_0)","decl":{"start":{"line":21,"column":4},"end":{"line":21,"column":null}},"loc":{"start":{"line":25,"column":24},"end":{"line":31,"column":5}}},"1":{"name":"(anonymous_1)","decl":{"start":{"line":33,"column":4},"end":{"line":33,"column":9}},"loc":{"start":{"line":33,"column":9},"end":{"line":35,"column":5}}},"2":{"name":"(anonymous_2)","decl":{"start":{"line":37,"column":4},"end":{"line":37,"column":15}},"loc":{"start":{"line":37,"column":15},"end":{"line":39,"column":5}}},"3":{"name":"(anonymous_3)","decl":{"start":{"line":41,"column":4},"end":{"line":41,"column":15}},"loc":{"start":{"line":41,"column":15},"end":{"line":43,"column":5}}}},"branchMap":{},"s":{"0":11,"1":11,"2":11,"3":11,"4":1,"5":1,"6":1,"7":2},"f":{"0":11,"1":1,"2":1,"3":1},"b":{}}
,"/Users/vasildakov/Dev/node/node-docker/src/model/AuthorRepository.ts": {"path":"/Users/vasildakov/Dev/node/node-docker/src/model/AuthorRepository.ts","statementMap":{"0":{"start":{"line":3,"column":0},"end":{"line":3,"column":34}},"1":{"start":{"line":9,"column":4},"end":{"line":15,"column":6}},"2":{"start":{"line":19,"column":8},"end":{"line":19,"column":26}},"3":{"start":{"line":23,"column":19},"end":{"line":23,"column":62}},"4":{"start":{"line":23,"column":45},"end":{"line":23,"column":61}},"5":{"start":{"line":24,"column":8},"end":{"line":24,"column":54}},"6":{"start":{"line":28,"column":0},"end":{"line":28,"column":32}}},"fnMap":{"0":{"name":"(anonymous_0)","decl":{"start":{"line":7,"column":0},"end":{"line":7,"column":6}},"loc":{"start":{"line":7,"column":0},"end":{"line":26,"column":1}}},"1":{"name":"(anonymous_1)","decl":{"start":{"line":18,"column":4},"end":{"line":18,"column":11}},"loc":{"start":{"line":18,"column":11},"end":{"line":20,"column":5}}},"2":{"name":"(anonymous_2)","decl":{"start":{"line":22,"column":4},"end":{"line":22,"column":8}},"loc":{"start":{"line":22,"column":19},"end":{"line":25,"column":5}}},"3":{"name":"(anonymous_3)","decl":{"start":{"line":23,"column":35},"end":{"line":23,"column":41}},"loc":{"start":{"line":23,"column":45},"end":{"line":23,"column":61}}}},"branchMap":{"0":{"loc":{"start":{"line":24,"column":15},"end":{"line":24,"column":53}},"type":"cond-expr","locations":[{"start":{"line":24,"column":42},"end":{"line":24,"column":46}},{"start":{"line":24,"column":49},"end":{"line":24,"column":53}}]}},"s":{"0":1,"1":2,"2":1,"3":1,"4":1,"5":1,"6":1},"f":{"0":2,"1":1,"2":1,"3":1},"b":{"0":[1,0]}}
}
